  main.cpp
C:\Users\20112\Desktop\sp project\Fireboy-And-Watergirl\main.cpp(110,33): warning C4244: 'initializing': conversion from 'int' to 'float', possible loss of data
C:\Users\20112\Desktop\sp project\Fireboy-And-Watergirl\main.cpp(121,25): warning C4244: 'initializing': conversion from 'int' to 'float', possible loss of data
C:\Users\20112\Desktop\sp project\Fireboy-And-Watergirl\main.cpp(630,21): warning C4244: 'initializing': conversion from 'float' to 'int', possible loss of data
C:\Users\20112\Desktop\sp project\Fireboy-And-Watergirl\main.cpp(634,27): warning C4244: 'initializing': conversion from 'T' to 'float', possible loss of data
          with
          [
              T=int
          ]
C:\Users\20112\Desktop\sp project\Fireboy-And-Watergirl\main.cpp(634,71): warning C4244: 'initializing': conversion from 'T' to 'float', possible loss of data
          with
          [
              T=int
          ]
C:\Users\20112\Desktop\sp project\Fireboy-And-Watergirl\main.cpp(692,49): warning C4244: 'argument': conversion from 'int' to 'float', possible loss of data
C:\Users\20112\Desktop\sp project\Fireboy-And-Watergirl\main.cpp(692,46): warning C4244: 'argument': conversion from 'int' to 'float', possible loss of data
C:\Users\20112\Desktop\sp project\Fireboy-And-Watergirl\main.cpp(717,55): warning C4244: 'argument': conversion from 'int' to 'float', possible loss of data
C:\Users\20112\Desktop\sp project\Fireboy-And-Watergirl\main.cpp(717,52): warning C4244: 'argument': conversion from 'int' to 'float', possible loss of data
C:\Users\20112\Desktop\sp project\Fireboy-And-Watergirl\main.cpp(718,57): warning C4244: 'argument': conversion from 'int' to 'float', possible loss of data
C:\Users\20112\Desktop\sp project\Fireboy-And-Watergirl\main.cpp(718,54): warning C4244: 'argument': conversion from 'int' to 'float', possible loss of data
C:\Users\20112\Desktop\sp project\Fireboy-And-Watergirl\main.cpp(719,56): warning C4244: 'argument': conversion from 'int' to 'float', possible loss of data
C:\Users\20112\Desktop\sp project\Fireboy-And-Watergirl\main.cpp(719,53): warning C4244: 'argument': conversion from 'int' to 'float', possible loss of data
C:\Program Files (x86)\Microsoft Visual Studio\2019\Community\VC\Tools\MSVC\14.28.29910\include\utility(193,16): warning C4244: 'initializing': conversion from '_Ty' to '_Ty1', possible loss of data
          with
          [
              _Ty=int
          ]
          and
          [
              _Ty1=float
          ]
C:\Users\20112\Desktop\sp project\Fireboy-And-Watergirl\main.cpp(185): message : see reference to function template instantiation 'std::pair<float,float>::pair<int,float,0>(_Other1 &&,_Other2 &&) noexcept' being compiled
          with
          [
              _Other1=int,
              _Other2=float
          ]
C:\Users\20112\Desktop\sp project\Fireboy-And-Watergirl\main.cpp(185): message : see reference to function template instantiation 'std::pair<float,float>::pair<int,float,0>(_Other1 &&,_Other2 &&) noexcept' being compiled
          with
          [
              _Other1=int,
              _Other2=float
          ]
C:\Program Files (x86)\Microsoft Visual Studio\2019\Community\VC\Tools\MSVC\14.28.29910\include\utility(193,54): warning C4244: 'initializing': conversion from '_Ty' to '_Ty2', possible loss of data
          with
          [
              _Ty=int
          ]
          and
          [
              _Ty2=float
          ]
C:\Users\20112\Desktop\sp project\Fireboy-And-Watergirl\main.cpp(193): message : see reference to function template instantiation 'std::pair<float,float>::pair<float&,int,0>(_Other1,_Other2 &&) noexcept' being compiled
          with
          [
              _Other1=float &,
              _Other2=int
          ]
C:\Users\20112\Desktop\sp project\Fireboy-And-Watergirl\main.cpp(193): message : see reference to function template instantiation 'std::pair<float,float>::pair<float&,int,0>(_Other1,_Other2 &&) noexcept' being compiled
          with
          [
              _Other1=float &,
              _Other2=int
          ]
C:\Users\20112\Desktop\sp project\Fireboy-And-Watergirl\External\include\sftools\Chronometer.hpp(172): warning C4715: 'sftools::Chronometer::getElapsedTime': not all control paths return a value
  SFML_Project.vcxproj -> C:\Users\20112\Desktop\sp project\Fireboy-And-Watergirl\Debug\SFML_Project.exe
